0 verbose cli C:\Program Files\nodejs\node.exe C:\Users\Teoh\Desktop\webteem\UsersTeohAppDataRoamingnpm\node_modules\npm\bin\npm-cli.js
1 info using npm@10.5.2
2 info using node@v21.2.0
3 timing npm:load:whichnode Completed in 1ms
4 timing config:load:defaults Completed in 2ms
5 timing config:load:file:C:\Users\Teoh\Desktop\webteem\UsersTeohAppDataRoamingnpm\node_modules\npm\npmrc Completed in 2ms
6 timing config:load:builtin Completed in 2ms
7 timing config:load:cli Completed in 2ms
8 timing config:load:env Completed in 2ms
9 timing config:load:file:C:\Users\Teoh\Desktop\webteem\.npmrc Completed in 1ms
10 timing config:load:project Completed in 30ms
11 timing config:load:file:C:\Users\Teoh\.npmrc Completed in 0ms
12 timing config:load:user Completed in 0ms
13 timing config:load:file:C:\Users\Teoh\Desktop\webteem\UsersTeohAppDataRoamingnpm\etc\npmrc Completed in 1ms
14 timing config:load:global Completed in 1ms
15 timing config:load:setEnvs Completed in 0ms
16 timing config:load Completed in 40ms
17 timing npm:load:configload Completed in 40ms
18 timing config:load:flatten Completed in 2ms
19 timing npm:load:mkdirpcache Completed in 1ms
20 timing npm:load:mkdirplogs Completed in 0ms
21 verbose title npm install @radix-ui/react-slot
22 verbose argv "install" "@radix-ui/react-slot"
23 timing npm:load:setTitle Completed in 1ms
24 timing npm:load:display Completed in 0ms
25 verbose logfile logs-max:10 dir:C:\Users\Teoh\Desktop\webteem\UsersTeohAppDataLocalnpm-cache\_logs\2024-04-23T21_40_40_679Z-
26 verbose logfile C:\Users\Teoh\Desktop\webteem\UsersTeohAppDataLocalnpm-cache\_logs\2024-04-23T21_40_40_679Z-debug-0.log
27 timing npm:load:logFile Completed in 3ms
28 timing npm:load:timers Completed in 0ms
29 timing npm:load:configScope Completed in 0ms
30 timing npm:load Completed in 71ms
31 timing arborist:ctor Completed in 1ms
32 silly logfile start cleaning logs, removing 1 files
33 silly logfile done cleaning log files
34 timing idealTree:init Completed in 151ms
35 timing idealTree:userRequests Completed in 2ms
36 silly idealTree buildDeps
37 silly fetch manifest @radix-ui/react-slot@*
38 timing arborist:ctor Completed in 1ms
39 http fetch GET 200 https://registry.npmjs.org/@radix-ui%2freact-slot 1352ms (cache miss)
40 silly fetch manifest @types/react@^18
41 http fetch GET 200 https://registry.npmjs.org/@types%2freact 138ms (cache miss)
42 silly fetch manifest react@^18
43 http fetch GET 200 https://registry.npmjs.org/react 19ms (cache hit)
44 silly placeDep ROOT @radix-ui/react-slot@1.0.2 OK for: webteem@0.1.0 want: *
45 silly fetch manifest @radix-ui/react-compose-refs@1.0.1
46 http fetch GET 200 https://registry.npmjs.org/@radix-ui%2freact-compose-refs 96ms (cache miss)
47 timing idealTree:#root Completed in 1672ms
48 silly fetch manifest @types/react@*
49 silly fetch manifest react@^16.8 || ^17.0 || ^18.0
50 silly placeDep ROOT @radix-ui/react-compose-refs@1.0.1 OK for: @radix-ui/react-slot@1.0.2 want: 1.0.1
51 timing idealTree:node_modules/@radix-ui/react-slot Completed in 4ms
52 timing idealTree:node_modules/@radix-ui/react-compose-refs Completed in 0ms
53 timing idealTree:buildDeps Completed in 1677ms
54 timing idealTree:fixDepFlags Completed in 4ms
55 timing idealTree Completed in 1838ms
56 timing reify:loadTrees Completed in 1840ms
57 timing reify:diffTrees Completed in 9ms
58 silly reify moves {}
59 timing reify:retireShallow Completed in 1ms
60 timing reify:createSparse Completed in 3ms
61 timing reify:loadBundles Completed in 0ms
62 silly audit bulk request {
62 silly audit   '@aashutoshrathi/word-wrap': [ '1.2.6' ],
62 silly audit   '@alloc/quick-lru': [ '5.2.0' ],
62 silly audit   '@babel/runtime': [ '7.24.4' ],
62 silly audit   '@eslint-community/eslint-utils': [ '4.4.0' ],
62 silly audit   '@eslint-community/regexpp': [ '4.10.0' ],
62 silly audit   '@eslint/eslintrc': [ '2.1.4' ],
62 silly audit   '@eslint/js': [ '8.57.0' ],
62 silly audit   '@humanwhocodes/config-array': [ '0.11.14' ],
62 silly audit   '@humanwhocodes/module-importer': [ '1.0.1' ],
62 silly audit   '@humanwhocodes/object-schema': [ '2.0.3' ],
62 silly audit   '@isaacs/cliui': [ '8.0.2' ],
62 silly audit   'ansi-regex': [ '6.0.1', '5.0.1' ],
62 silly audit   'strip-ansi': [ '7.1.0', '6.0.1' ],
62 silly audit   '@jridgewell/gen-mapping': [ '0.3.5' ],
62 silly audit   '@jridgewell/resolve-uri': [ '3.1.2' ],
62 silly audit   '@jridgewell/set-array': [ '1.2.1' ],
62 silly audit   '@jridgewell/sourcemap-codec': [ '1.4.15' ],
62 silly audit   '@jridgewell/trace-mapping': [ '0.3.25' ],
62 silly audit   '@next/env': [ '14.2.2' ],
62 silly audit   '@next/eslint-plugin-next': [ '14.2.2' ],
62 silly audit   '@next/swc-darwin-arm64': [ '14.2.2' ],
62 silly audit   '@next/swc-darwin-x64': [ '14.2.2' ],
62 silly audit   '@next/swc-linux-arm64-gnu': [ '14.2.2' ],
62 silly audit   '@next/swc-linux-arm64-musl': [ '14.2.2' ],
62 silly audit   '@next/swc-linux-x64-gnu': [ '14.2.2' ],
62 silly audit   '@next/swc-linux-x64-musl': [ '14.2.2' ],
62 silly audit   '@next/swc-win32-arm64-msvc': [ '14.2.2' ],
62 silly audit   '@next/swc-win32-ia32-msvc': [ '14.2.2' ],
62 silly audit   '@next/swc-win32-x64-msvc': [ '14.2.2' ],
62 silly audit   '@nodelib/fs.scandir': [ '2.1.5' ],
62 silly audit   '@nodelib/fs.stat': [ '2.0.5' ],
62 silly audit   '@nodelib/fs.walk': [ '1.2.8' ],
62 silly audit   '@pkgjs/parseargs': [ '0.11.0' ],
62 silly audit   '@rushstack/eslint-patch': [ '1.10.2' ],
62 silly audit   '@swc/counter': [ '0.1.3' ],
62 silly audit   '@swc/helpers': [ '0.5.5' ],
62 silly audit   '@types/json5': [ '0.0.29' ],
62 silly audit   '@types/node': [ '20.12.7' ],
62 silly audit   '@types/prop-types': [ '15.7.12' ],
62 silly audit   '@types/react': [ '18.2.79' ],
62 silly audit   '@types/react-dom': [ '18.2.25' ],
62 silly audit   '@typescript-eslint/parser': [ '7.2.0' ],
62 silly audit   '@typescript-eslint/scope-manager': [ '7.2.0' ],
62 silly audit   '@typescript-eslint/types': [ '7.2.0' ],
62 silly audit   '@typescript-eslint/typescript-estree': [ '7.2.0' ],
62 silly audit   'brace-expansion': [ '2.0.1', '1.1.11' ],
62 silly audit   minimatch: [ '9.0.3', '9.0.4', '3.1.2' ],
62 silly audit   '@typescript-eslint/visitor-keys': [ '7.2.0' ],
62 silly audit   '@ungap/structured-clone': [ '1.2.0' ],
62 silly audit   acorn: [ '8.11.3' ],
62 silly audit   'acorn-jsx': [ '5.3.2' ],
62 silly audit   ajv: [ '6.12.6' ],
62 silly audit   'ansi-styles': [ '4.3.0', '6.2.1' ],
62 silly audit   'any-promise': [ '1.3.0' ],
62 silly audit   anymatch: [ '3.1.3' ],
62 silly audit   arg: [ '5.0.2' ],
62 silly audit   argparse: [ '2.0.1' ],
62 silly audit   'aria-query': [ '5.3.0' ],
62 silly audit   'array-buffer-byte-length': [ '1.0.1' ],
62 silly audit   'array-includes': [ '3.1.8' ],
62 silly audit   'array-union': [ '2.1.0' ],
62 silly audit   'array.prototype.findlast': [ '1.2.5' ],
62 silly audit   'array.prototype.findlastindex': [ '1.2.5' ],
62 silly audit   'array.prototype.flat': [ '1.3.2' ],
62 silly audit   'array.prototype.flatmap': [ '1.3.2' ],
62 silly audit   'array.prototype.toreversed': [ '1.1.2' ],
62 silly audit   'array.prototype.tosorted': [ '1.1.3' ],
62 silly audit   'arraybuffer.prototype.slice': [ '1.0.3' ],
62 silly audit   'ast-types-flow': [ '0.0.8' ],
62 silly audit   'available-typed-arrays': [ '1.0.7' ],
62 silly audit   'axe-core': [ '4.7.0' ],
62 silly audit   'axobject-query': [ '3.2.1' ],
62 silly audit   'balanced-match': [ '1.0.2' ],
62 silly audit   'binary-extensions': [ '2.3.0' ],
62 silly audit   braces: [ '3.0.2' ],
62 silly audit   busboy: [ '1.6.0' ],
62 silly audit   'call-bind': [ '1.0.7' ],
62 silly audit   callsites: [ '3.1.0' ],
62 silly audit   'camelcase-css': [ '2.0.1' ],
62 silly audit   'caniuse-lite': [ '1.0.30001612' ],
62 silly audit   chalk: [ '4.1.2' ],
62 silly audit   chokidar: [ '3.6.0' ],
62 silly audit   'glob-parent': [ '5.1.2', '6.0.2' ],
62 silly audit   'class-variance-authority': [ '0.7.0' ],
62 silly audit   clsx: [ '2.0.0', '2.1.1' ],
62 silly audit   'client-only': [ '0.0.1' ],
62 silly audit   'color-convert': [ '2.0.1' ],
62 silly audit   'color-name': [ '1.1.4' ],
62 silly audit   commander: [ '4.1.1' ],
62 silly audit   'concat-map': [ '0.0.1' ],
62 silly audit   'cross-spawn': [ '7.0.3' ],
62 silly audit   cssesc: [ '3.0.0' ],
62 silly audit   csstype: [ '3.1.3' ],
62 silly audit   'damerau-levenshtein': [ '1.0.8' ],
62 silly audit   'data-view-buffer': [ '1.0.1' ],
62 silly audit   'data-view-byte-length': [ '1.0.1' ],
62 silly audit   'data-view-byte-offset': [ '1.0.0' ],
62 silly audit   debug: [ '4.3.4', '3.2.7' ],
62 silly audit   'deep-is': [ '0.1.4' ],
62 silly audit   'define-data-property': [ '1.1.4' ],
62 silly audit   'define-properties': [ '1.2.1' ],
62 silly audit   dequal: [ '2.0.3' ],
62 silly audit   didyoumean: [ '1.2.2' ],
62 silly audit   'dir-glob': [ '3.0.1' ],
62 silly audit   dlv: [ '1.1.3' ],
62 silly audit   doctrine: [ '3.0.0', '2.1.0' ],
62 silly audit   eastasianwidth: [ '0.2.0' ],
62 silly audit   'emoji-regex': [ '9.2.2', '8.0.0' ],
62 silly audit   'enhanced-resolve': [ '5.16.0' ],
62 silly audit   'es-abstract': [ '1.23.3' ],
62 silly audit   'es-define-property': [ '1.0.0' ],
62 silly audit   'es-errors': [ '1.3.0' ],
62 silly audit   'es-iterator-helpers': [ '1.0.18' ],
62 silly audit   'es-object-atoms': [ '1.0.0' ],
62 silly audit   'es-set-tostringtag': [ '2.0.3' ],
62 silly audit   'es-shim-unscopables': [ '1.0.2' ],
62 silly audit   'es-to-primitive': [ '1.2.1' ],
62 silly audit   'escape-string-regexp': [ '4.0.0' ],
62 silly audit   eslint: [ '8.57.0' ],
62 silly audit   'eslint-config-next': [ '14.2.2' ],
62 silly audit   'eslint-import-resolver-node': [ '0.3.9' ],
62 silly audit   'eslint-import-resolver-typescript': [ '3.6.1' ],
62 silly audit   'eslint-module-utils': [ '2.8.1' ],
62 silly audit   'eslint-plugin-import': [ '2.29.1' ],
62 silly audit   semver: [ '6.3.1', '7.6.0' ],
62 silly audit   'eslint-plugin-jsx-a11y': [ '6.8.0' ],
62 silly audit   'eslint-plugin-react': [ '7.34.1' ],
62 silly audit   'eslint-plugin-react-hooks': [ '4.6.0' ],
62 silly audit   resolve: [ '2.0.0-next.5', '1.22.8' ],
62 silly audit   'eslint-scope': [ '7.2.2' ],
62 silly audit   'eslint-visitor-keys': [ '3.4.3' ],
62 silly audit   espree: [ '9.6.1' ],
62 silly audit   esquery: [ '1.5.0' ],
62 silly audit   esrecurse: [ '4.3.0' ],
62 silly audit   estraverse: [ '5.3.0' ],
62 silly audit   esutils: [ '2.0.3' ],
62 silly audit   'fast-deep-equal': [ '3.1.3' ],
62 silly audit   'fast-glob': [ '3.3.2' ],
62 silly audit   'fast-json-stable-stringify': [ '2.1.0' ],
62 silly audit   'fast-levenshtein': [ '2.0.6' ],
62 silly audit   fastq: [ '1.17.1' ],
62 silly audit   'file-entry-cache': [ '6.0.1' ],
62 silly audit   'fill-range': [ '7.0.1' ],
62 silly audit   'find-up': [ '5.0.0' ],
62 silly audit   'flat-cache': [ '3.2.0' ],
62 silly audit   flatted: [ '3.3.1' ],
62 silly audit   'for-each': [ '0.3.3' ],
62 silly audit   'foreground-child': [ '3.1.1' ],
62 silly audit   'fs.realpath': [ '1.0.0' ],
62 silly audit   fsevents: [ '2.3.3' ],
62 silly audit   'function-bind': [ '1.1.2' ],
62 silly audit   'function.prototype.name': [ '1.1.6' ],
62 silly audit   'functions-have-names': [ '1.2.3' ],
62 silly audit   'get-intrinsic': [ '1.2.4' ],
62 silly audit   'get-symbol-description': [ '1.0.2' ],
62 silly audit   'get-tsconfig': [ '4.7.3' ],
62 silly audit   glob: [ '10.3.10', '7.2.3' ],
62 silly audit   globals: [ '13.24.0' ],
62 silly audit   globalthis: [ '1.0.3' ],
62 silly audit   globby: [ '11.1.0' ],
62 silly audit   gopd: [ '1.0.1' ],
62 silly audit   'graceful-fs': [ '4.2.11' ],
62 silly audit   graphemer: [ '1.4.0' ],
62 silly audit   'has-bigints': [ '1.0.2' ],
62 silly audit   'has-flag': [ '4.0.0' ],
62 silly audit   'has-property-descriptors': [ '1.0.2' ],
62 silly audit   'has-proto': [ '1.0.3' ],
62 silly audit   'has-symbols': [ '1.0.3' ],
62 silly audit   'has-tostringtag': [ '1.0.2' ],
62 silly audit   hasown: [ '2.0.2' ],
62 silly audit   ignore: [ '5.3.1' ],
62 silly audit   'import-fresh': [ '3.3.0' ],
62 silly audit   imurmurhash: [ '0.1.4' ],
62 silly audit   inflight: [ '1.0.6' ],
62 silly audit   inherits: [ '2.0.4' ],
62 silly audit   'internal-slot': [ '1.0.7' ],
62 silly audit   'is-array-buffer': [ '3.0.4' ],
62 silly audit   'is-async-function': [ '2.0.0' ],
62 silly audit   'is-bigint': [ '1.0.4' ],
62 silly audit   'is-binary-path': [ '2.1.0' ],
62 silly audit   'is-boolean-object': [ '1.1.2' ],
62 silly audit   'is-callable': [ '1.2.7' ],
62 silly audit   'is-core-module': [ '2.13.1' ],
62 silly audit   'is-data-view': [ '1.0.1' ],
62 silly audit   'is-date-object': [ '1.0.5' ],
62 silly audit   'is-extglob': [ '2.1.1' ],
62 silly audit   'is-finalizationregistry': [ '1.0.2' ],
62 silly audit   'is-fullwidth-code-point': [ '3.0.0' ],
62 silly audit   'is-generator-function': [ '1.0.10' ],
62 silly audit   'is-glob': [ '4.0.3' ],
62 silly audit   'is-map': [ '2.0.3' ],
62 silly audit   'is-negative-zero': [ '2.0.3' ],
62 silly audit   'is-number': [ '7.0.0' ],
62 silly audit   'is-number-object': [ '1.0.7' ],
62 silly audit   'is-path-inside': [ '3.0.3' ],
62 silly audit   'is-regex': [ '1.1.4' ],
62 silly audit   'is-set': [ '2.0.3' ],
62 silly audit   'is-shared-array-buffer': [ '1.0.3' ],
62 silly audit   'is-string': [ '1.0.7' ],
62 silly audit   'is-symbol': [ '1.0.4' ],
62 silly audit   'is-typed-array': [ '1.1.13' ],
62 silly audit   'is-weakmap': [ '2.0.2' ],
62 silly audit   'is-weakref': [ '1.0.2' ],
62 silly audit   'is-weakset': [ '2.0.3' ],
62 silly audit   isarray: [ '2.0.5' ],
62 silly audit   isexe: [ '2.0.0' ],
62 silly audit   'iterator.prototype': [ '1.1.2' ],
62 silly audit   jackspeak: [ '2.3.6' ],
62 silly audit   jiti: [ '1.21.0' ],
62 silly audit   'js-tokens': [ '4.0.0' ],
62 silly audit   'js-yaml': [ '4.1.0' ],
62 silly audit   'json-buffer': [ '3.0.1' ],
62 silly audit   'json-schema-traverse': [ '0.4.1' ],
62 silly audit   'json-stable-stringify-without-jsonify': [ '1.0.1' ],
62 silly audit   json5: [ '1.0.2' ],
62 silly audit   'jsx-ast-utils': [ '3.3.5' ],
62 silly audit   keyv: [ '4.5.4' ],
62 silly audit   'language-subtag-registry': [ '0.3.22' ],
62 silly audit   'language-tags': [ '1.0.9' ],
62 silly audit   levn: [ '0.4.1' ],
62 silly audit   lilconfig: [ '2.1.0', '3.1.1' ],
62 silly audit   'lines-and-columns': [ '1.2.4' ],
62 silly audit   'locate-path': [ '6.0.0' ],
62 silly audit   'lodash.merge': [ '4.6.2' ],
62 silly audit   'loose-envify': [ '1.4.0' ],
62 silly audit   'lru-cache': [ '10.2.0', '6.0.0' ],
62 silly audit   'lucide-react': [ '0.372.0' ],
62 silly audit   merge2: [ '1.4.1' ],
62 silly audit   micromatch: [ '4.0.5' ],
62 silly audit   minimist: [ '1.2.8' ],
62 silly audit   minipass: [ '7.0.4' ],
62 silly audit   ms: [ '2.1.2' ],
62 silly audit   mz: [ '2.7.0' ],
62 silly audit   nanoid: [ '3.3.7' ],
62 silly audit   'natural-compare': [ '1.4.0' ],
62 silly audit   next: [ '14.2.2' ],
62 silly audit   postcss: [ '8.4.31', '8.4.38' ],
62 silly audit   'normalize-path': [ '3.0.0' ],
62 silly audit   'object-assign': [ '4.1.1' ],
62 silly audit   'object-hash': [ '3.0.0' ],
62 silly audit   'object-inspect': [ '1.13.1' ],
62 silly audit   'object-keys': [ '1.1.1' ],
62 silly audit   'object.assign': [ '4.1.5' ],
62 silly audit   'object.entries': [ '1.1.8' ],
62 silly audit   'object.fromentries': [ '2.0.8' ],
62 silly audit   'object.groupby': [ '1.0.3' ],
62 silly audit   'object.hasown': [ '1.1.4' ],
62 silly audit   'object.values': [ '1.2.0' ],
62 silly audit   once: [ '1.4.0' ],
62 silly audit   optionator: [ '0.9.3' ],
62 silly audit   'p-limit': [ '3.1.0' ],
62 silly audit   'p-locate': [ '5.0.0' ],
62 silly audit   'parent-module': [ '1.0.1' ],
62 silly audit   'path-exists': [ '4.0.0' ],
62 silly audit   'path-is-absolute': [ '1.0.1' ],
62 silly audit   'path-key': [ '3.1.1' ],
62 silly audit   'path-parse': [ '1.0.7' ],
62 silly audit   'path-scurry': [ '1.10.2' ],
62 silly audit   'path-type': [ '4.0.0' ],
62 silly audit   picocolors: [ '1.0.0' ],
62 silly audit   picomatch: [ '2.3.1' ],
62 silly audit   pify: [ '2.3.0' ],
62 silly audit   pirates: [ '4.0.6' ],
62 silly audit   'possible-typed-array-names': [ '1.0.0' ],
62 silly audit   'postcss-import': [ '15.1.0' ],
62 silly audit   'postcss-js': [ '4.0.1' ],
62 silly audit   'postcss-load-config': [ '4.0.2' ],
62 silly audit   'postcss-nested': [ '6.0.1' ],
62 silly audit   'postcss-selector-parser': [ '6.0.16' ],
62 silly audit   'postcss-value-parser': [ '4.2.0' ],
62 silly audit   'prelude-ls': [ '1.2.1' ],
62 silly audit   'prop-types': [ '15.8.1' ],
62 silly audit   punycode: [ '2.3.1' ],
62 silly audit   'queue-microtask': [ '1.2.3' ],
62 silly audit   react: [ '18.2.0' ],
62 silly audit   'react-dom': [ '18.2.0' ],
62 silly audit   'react-is': [ '16.13.1' ],
62 silly audit   'read-cache': [ '1.0.0' ],
62 silly audit   readdirp: [ '3.6.0' ],
62 silly audit   'reflect.getprototypeof': [ '1.0.6' ],
62 silly audit   'regenerator-runtime': [ '0.14.1' ],
62 silly audit   'regexp.prototype.flags': [ '1.5.2' ],
62 silly audit   'resolve-from': [ '4.0.0' ],
62 silly audit   'resolve-pkg-maps': [ '1.0.0' ],
62 silly audit   reusify: [ '1.0.4' ],
62 silly audit   rimraf: [ '3.0.2' ],
62 silly audit   'run-parallel': [ '1.2.0' ],
62 silly audit   'safe-array-concat': [ '1.1.2' ],
62 silly audit   'safe-regex-test': [ '1.0.3' ],
62 silly audit   scheduler: [ '0.23.0' ],
62 silly audit   'set-function-length': [ '1.2.2' ],
62 silly audit   'set-function-name': [ '2.0.2' ],
62 silly audit   'shebang-command': [ '2.0.0' ],
62 silly audit   'shebang-regex': [ '3.0.0' ],
62 silly audit   'side-channel': [ '1.0.6' ],
62 silly audit   'signal-exit': [ '4.1.0' ],
62 silly audit   slash: [ '3.0.0' ],
62 silly audit   'source-map-js': [ '1.2.0' ],
62 silly audit   streamsearch: [ '1.1.0' ],
62 silly audit   'string-width': [ '5.1.2', '4.2.3' ],
62 silly audit   'string.prototype.matchall': [ '4.0.11' ],
62 silly audit   'string.prototype.trim': [ '1.2.9' ],
62 silly audit   'string.prototype.trimend': [ '1.0.8' ],
62 silly audit   'string.prototype.trimstart': [ '1.0.8' ],
62 silly audit   'strip-bom': [ '3.0.0' ],
62 silly audit   'strip-json-comments': [ '3.1.1' ],
62 silly audit   'styled-jsx': [ '5.1.1' ],
62 silly audit   sucrase: [ '3.35.0' ],
62 silly audit   'supports-color': [ '7.2.0' ],
62 silly audit   'supports-preserve-symlinks-flag': [ '1.0.0' ],
62 silly audit   'tailwind-merge': [ '2.3.0' ],
62 silly audit   tailwindcss: [ '3.4.3' ],
62 silly audit   'tailwindcss-animate': [ '1.0.7' ],
62 silly audit   tapable: [ '2.2.1' ],
62 silly audit   'text-table': [ '0.2.0' ],
62 silly audit   thenify: [ '3.3.1' ],
62 silly audit   'thenify-all': [ '1.6.0' ],
62 silly audit   'to-regex-range': [ '5.0.1' ],
62 silly audit   'ts-api-utils': [ '1.3.0' ],
62 silly audit   'ts-interface-checker': [ '0.1.13' ],
62 silly audit   'tsconfig-paths': [ '3.15.0' ],
62 silly audit   tslib: [ '2.6.2' ],
62 silly audit   'type-check': [ '0.4.0' ],
62 silly audit   'type-fest': [ '0.20.2' ],
62 silly audit   'typed-array-buffer': [ '1.0.2' ],
62 silly audit   'typed-array-byte-length': [ '1.0.1' ],
62 silly audit   'typed-array-byte-offset': [ '1.0.2' ],
62 silly audit   'typed-array-length': [ '1.0.6' ],
62 silly audit   typescript: [ '5.4.5' ],
62 silly audit   'unbox-primitive': [ '1.0.2' ],
62 silly audit   'undici-types': [ '5.26.5' ],
62 silly audit   'uri-js': [ '4.4.1' ],
62 silly audit   'util-deprecate': [ '1.0.2' ],
62 silly audit   which: [ '2.0.2' ],
62 silly audit   'which-boxed-primitive': [ '1.0.2' ],
62 silly audit   'which-builtin-type': [ '1.1.3' ],
62 silly audit   'which-collection': [ '1.0.2' ],
62 silly audit   'which-typed-array': [ '1.1.15' ],
62 silly audit   'wrap-ansi': [ '8.1.0', '7.0.0' ],
62 silly audit   wrappy: [ '1.0.2' ],
62 silly audit   yallist: [ '4.0.0' ],
62 silly audit   yaml: [ '2.4.1' ],
62 silly audit   'yocto-queue': [ '0.1.0' ],
62 silly audit   '@radix-ui/react-slot': [ '1.0.2' ],
62 silly audit   '@radix-ui/react-compose-refs': [ '1.0.1' ]
62 silly audit }
63 verbose reify failed optional dependency C:\Users\Teoh\Desktop\webteem\node_modules\fsevents
64 silly reify mark deleted [ 'C:\\Users\\Teoh\\Desktop\\webteem\\node_modules\\fsevents' ]
65 verbose reify failed optional dependency C:\Users\Teoh\Desktop\webteem\node_modules\@next\swc-win32-ia32-msvc
66 silly reify mark deleted [
66 silly reify   'C:\\Users\\Teoh\\Desktop\\webteem\\node_modules\\@next\\swc-win32-ia32-msvc'
66 silly reify ]
67 verbose reify failed optional dependency C:\Users\Teoh\Desktop\webteem\node_modules\@next\swc-win32-arm64-msvc
68 silly reify mark deleted [
68 silly reify   'C:\\Users\\Teoh\\Desktop\\webteem\\node_modules\\@next\\swc-win32-arm64-msvc'
68 silly reify ]
69 verbose reify failed optional dependency C:\Users\Teoh\Desktop\webteem\node_modules\@next\swc-linux-x64-musl
70 silly reify mark deleted [
70 silly reify   'C:\\Users\\Teoh\\Desktop\\webteem\\node_modules\\@next\\swc-linux-x64-musl'
70 silly reify ]
71 verbose reify failed optional dependency C:\Users\Teoh\Desktop\webteem\node_modules\@next\swc-linux-x64-gnu
72 silly reify mark deleted [
72 silly reify   'C:\\Users\\Teoh\\Desktop\\webteem\\node_modules\\@next\\swc-linux-x64-gnu'
72 silly reify ]
73 verbose reify failed optional dependency C:\Users\Teoh\Desktop\webteem\node_modules\@next\swc-linux-arm64-musl
74 silly reify mark deleted [
74 silly reify   'C:\\Users\\Teoh\\Desktop\\webteem\\node_modules\\@next\\swc-linux-arm64-musl'
74 silly reify ]
75 verbose reify failed optional dependency C:\Users\Teoh\Desktop\webteem\node_modules\@next\swc-linux-arm64-gnu
76 silly reify mark deleted [
76 silly reify   'C:\\Users\\Teoh\\Desktop\\webteem\\node_modules\\@next\\swc-linux-arm64-gnu'
76 silly reify ]
77 verbose reify failed optional dependency C:\Users\Teoh\Desktop\webteem\node_modules\@next\swc-darwin-x64
78 silly reify mark deleted [
78 silly reify   'C:\\Users\\Teoh\\Desktop\\webteem\\node_modules\\@next\\swc-darwin-x64'
78 silly reify ]
79 verbose reify failed optional dependency C:\Users\Teoh\Desktop\webteem\node_modules\@next\swc-darwin-arm64
80 silly reify mark deleted [
80 silly reify   'C:\\Users\\Teoh\\Desktop\\webteem\\node_modules\\@next\\swc-darwin-arm64'
80 silly reify ]
81 timing reifyNode:node_modules/fsevents Completed in 5ms
82 timing reifyNode:node_modules/@next/swc-win32-ia32-msvc Completed in 4ms
83 timing reifyNode:node_modules/@next/swc-win32-arm64-msvc Completed in 4ms
84 timing reifyNode:node_modules/@next/swc-linux-x64-musl Completed in 5ms
85 timing reifyNode:node_modules/@next/swc-linux-x64-gnu Completed in 5ms
86 timing reifyNode:node_modules/@next/swc-linux-arm64-musl Completed in 5ms
87 timing reifyNode:node_modules/@next/swc-linux-arm64-gnu Completed in 5ms
88 timing reifyNode:node_modules/@next/swc-darwin-x64 Completed in 5ms
89 timing reifyNode:node_modules/@next/swc-darwin-arm64 Completed in 5ms
90 silly tarball no local data for @radix-ui/react-compose-refs@https://registry.npmjs.org/@radix-ui/react-compose-refs/-/react-compose-refs-1.0.1.tgz. Extracting by manifest.
91 silly tarball no local data for @radix-ui/react-slot@https://registry.npmjs.org/@radix-ui/react-slot/-/react-slot-1.0.2.tgz. Extracting by manifest.
92 http fetch GET 200 https://registry.npmjs.org/@radix-ui/react-slot/-/react-slot-1.0.2.tgz 152ms (cache miss)
93 timing reifyNode:node_modules/@radix-ui/react-slot Completed in 161ms
94 http fetch GET 200 https://registry.npmjs.org/@radix-ui/react-compose-refs/-/react-compose-refs-1.0.1.tgz 164ms (cache miss)
95 timing reifyNode:node_modules/@radix-ui/react-compose-refs Completed in 173ms
96 timing reify:unpack Completed in 173ms
97 timing reify:unretire Completed in 0ms
98 timing build:queue Completed in 1ms
99 timing build:deps Completed in 1ms
100 timing build Completed in 1ms
101 timing reify:build Completed in 1ms
102 timing reify:trash Completed in 1ms
103 http fetch POST 200 https://registry.npmjs.org/-/npm/v1/security/advisories/bulk 300ms
104 timing auditReport:getReport Completed in 304ms
105 silly audit report {}
106 timing auditReport:init Completed in 0ms
107 timing reify:audit Completed in 305ms
108 timing reify:save Completed in 123ms
109 timing reify Completed in 2235ms
110 silly ADD node_modules/@radix-ui/react-compose-refs
111 silly ADD node_modules/@radix-ui/react-slot
112 silly ADD
113 silly ADD
114 silly ADD
115 silly ADD
116 silly ADD
117 silly ADD
118 silly ADD
119 silly ADD
120 silly ADD
121 timing command:install Completed in 2244ms
122 verbose exit 0
123 timing npm Completed in 2889ms
124 info ok
