0 verbose cli C:\Program Files\nodejs\node.exe C:\Program Files\nodejs\node_modules\npm\bin\npm-cli.js
1 info using npm@10.2.3
2 info using node@v21.2.0
3 timing npm:load:whichnode Completed in 2ms
4 timing config:load:defaults Completed in 1ms
5 timing config:load:file:C:\Program Files\nodejs\node_modules\npm\npmrc Completed in 4ms
6 timing config:load:builtin Completed in 4ms
7 timing config:load:cli Completed in 2ms
8 timing config:load:env Completed in 1ms
9 timing config:load:project Completed in 1ms
10 timing config:load:file:C:\Users\Teoh\.npmrc Completed in 0ms
11 timing config:load:user Completed in 0ms
12 timing config:load:file:C:\Users\Teoh\Desktop\webteem\UsersTeohAppDataRoamingnpm\etc\npmrc Completed in 0ms
13 timing config:load:global Completed in 1ms
14 timing config:load:setEnvs Completed in 0ms
15 timing config:load Completed in 10ms
16 timing npm:load:configload Completed in 11ms
17 timing config:load:flatten Completed in 2ms
18 timing npm:load:mkdirpcache Completed in 0ms
19 timing npm:load:mkdirplogs Completed in 0ms
20 verbose title npm i npm@10.5.2
21 verbose argv "i" "--global" "npm@10.5.2"
22 timing npm:load:setTitle Completed in 1ms
23 timing npm:load:display Completed in 0ms
24 verbose logfile logs-max:10 dir:C:\Users\Teoh\Desktop\webteem\UsersTeohAppDataLocalnpm-cache\_logs\2024-04-23T21_38_26_377Z-
25 verbose logfile C:\Users\Teoh\Desktop\webteem\UsersTeohAppDataLocalnpm-cache\_logs\2024-04-23T21_38_26_377Z-debug-0.log
26 timing npm:load:logFile Completed in 8ms
27 timing npm:load:timers Completed in 0ms
28 timing npm:load:configScope Completed in 0ms
29 timing npm:load Completed in 47ms
30 timing config:load:flatten Completed in 1ms
31 silly logfile done cleaning log files
32 http fetch GET 200 https://registry.npmjs.org/npm 22ms (cache hit)
33 timing arborist:ctor Completed in 1ms
34 timing idealTree:init Completed in 5ms
35 timing idealTree:userRequests Completed in 1ms
36 silly idealTree buildDeps
37 silly fetch manifest npm@10.5.2
38 http fetch GET 200 https://registry.npmjs.org/npm 8ms (cache hit)
39 silly placeDep ROOT npm@10.5.2 OK for:  want: 10.5.2
40 timing idealTree:#root Completed in 28ms
41 timing idealTree:node_modules/npm Completed in 0ms
42 timing idealTree:buildDeps Completed in 29ms
43 timing idealTree:fixDepFlags Completed in 1ms
44 timing idealTree Completed in 36ms
45 timing reify:loadTrees Completed in 37ms
46 timing reify:diffTrees Completed in 0ms
47 silly reify moves {}
48 timing reify:retireShallow Completed in 1ms
49 timing reify:createSparse Completed in 1ms
50 silly tarball no local data for npm@https://registry.npmjs.org/npm/-/npm-10.5.2.tgz. Extracting by manifest.
51 http fetch GET 200 https://registry.npmjs.org/npm/-/npm-10.5.2.tgz 2563ms (cache miss)
52 timing reifyNode:node_modules/npm Completed in 2569ms
53 timing arborist:ctor Completed in 1ms
54 timing reify:diffTrees Completed in 1ms
55 timing reify:loadBundles Completed in 2729ms
56 timing reify:unpack Completed in 0ms
57 timing reify:unretire Completed in 0ms
58 timing build:queue Completed in 12ms
59 timing build:link:node_modules/npm/node_modules/@npmcli/arborist Completed in 17ms
60 timing build:link:node_modules/npm/node_modules/color-support Completed in 17ms
61 timing build:link:node_modules/npm Completed in 18ms
62 timing build:link:node_modules/npm/node_modules/@npmcli/installed-package-contents Completed in 17ms
63 timing build:link:node_modules/npm/node_modules/cssesc Completed in 17ms
64 timing build:link:node_modules/npm/node_modules/node-gyp Completed in 17ms
65 timing build:link:node_modules/npm/node_modules/nopt Completed in 16ms
66 timing build:link:node_modules/npm/node_modules/glob Completed in 17ms
67 timing build:link:node_modules/npm/node_modules/mkdirp Completed in 18ms
68 timing build:link:node_modules/npm/node_modules/pacote Completed in 17ms
69 timing build:link:node_modules/npm/node_modules/cross-spawn/node_modules/which Completed in 17ms
70 timing build:link:node_modules/npm/node_modules/qrcode-terminal Completed in 17ms
71 timing build:link:node_modules/npm/node_modules/which Completed in 17ms
72 timing build:link:node_modules/npm/node_modules/semver Completed in 17ms
73 timing build:link Completed in 19ms
74 timing build:deps Completed in 31ms
75 timing build Completed in 31ms
76 timing reify:build Completed in 31ms
77 timing reify:trash Completed in 0ms
78 timing reify Completed in 2805ms
79 silly ADD node_modules/npm
80 timing command:i Completed in 2859ms
81 verbose exit 0
82 timing npm Completed in 3193ms
83 info ok
