0 verbose cli C:\Program Files\nodejs\node.exe C:\Users\Teoh\Desktop\webteem\UsersTeohAppDataRoamingnpm\node_modules\npm\bin\npm-cli.js
1 info using npm@10.5.2
2 info using node@v21.2.0
3 timing npm:load:whichnode Completed in 1ms
4 timing config:load:defaults Completed in 2ms
5 timing config:load:file:C:\Users\Teoh\Desktop\webteem\UsersTeohAppDataRoamingnpm\node_modules\npm\npmrc Completed in 3ms
6 timing config:load:builtin Completed in 3ms
7 timing config:load:cli Completed in 1ms
8 timing config:load:env Completed in 1ms
9 timing config:load:file:C:\Users\Teoh\Desktop\webteem\.npmrc Completed in 0ms
10 timing config:load:project Completed in 47ms
11 timing config:load:file:C:\Users\Teoh\.npmrc Completed in 1ms
12 timing config:load:user Completed in 1ms
13 timing config:load:file:C:\Users\Teoh\Desktop\webteem\UsersTeohAppDataRoamingnpm\etc\npmrc Completed in 0ms
14 timing config:load:global Completed in 0ms
15 timing config:load:setEnvs Completed in 1ms
16 timing config:load Completed in 56ms
17 timing npm:load:configload Completed in 56ms
18 timing config:load:flatten Completed in 2ms
19 timing npm:load:mkdirpcache Completed in 0ms
20 timing npm:load:mkdirplogs Completed in 0ms
21 verbose title npm run dev
22 verbose argv "run" "dev"
23 timing npm:load:setTitle Completed in 0ms
24 timing npm:load:display Completed in 1ms
25 verbose logfile logs-max:10 dir:C:\Users\Teoh\Desktop\webteem\UsersTeohAppDataLocalnpm-cache\_logs\2024-04-27T22_23_37_948Z-
26 verbose logfile C:\Users\Teoh\Desktop\webteem\UsersTeohAppDataLocalnpm-cache\_logs\2024-04-27T22_23_37_948Z-debug-0.log
27 timing npm:load:logFile Completed in 2ms
28 timing npm:load:timers Completed in 0ms
29 timing npm:load:configScope Completed in 0ms
30 timing npm:load Completed in 87ms
31 silly logfile start cleaning logs, removing 4 files
32 silly logfile done cleaning log files
